[  227370ms] ReferenceError: FeedbackButton is not defined
    at RootLayout (about://React/Server/file:///Users/marinak/ai-studio/projects/darvis/.next/dev/server/chunks/ssr/%255Broot-of-the-server%255D__04zzfr_._.js?id=%255Bproject%255D%252Fprojects%252Fdarvis%252Fsrc%252Fapp%252Flayout.tsx+%255Bapp-rsc%255D+%2528ecmascript%2529?2:29:291)
    at resolveErrorDev (http://localhost:3000/_next/static/chunks/03~t_next_dist_compiled_react-server-dom-turbopack_0bjfu-0._.js:1919:105)
    at processFullStringRow (http://localhost:3000/_next/static/chunks/03~t_next_dist_compiled_react-server-dom-turbopack_0bjfu-0._.js:2434:29)
    at processFullBinaryRow (http://localhost:3000/_next/static/chunks/03~t_next_dist_compiled_react-server-dom-turbopack_0bjfu-0._.js:2393:9)
    at processBinaryChunk (http://localhost:3000/_next/static/chunks/03~t_next_dist_compiled_react-server-dom-turbopack_0bjfu-0._.js:2502:221)
    at progress (http://localhost:3000/_next/static/chunks/03~t_next_dist_compiled_react-server-dom-turbopack_0bjfu-0._.js:2689:13)
[  239383ms] [WARNING] [Fast Refresh] performing full reload because your application had an unrecoverable error @ http://localhost:3000/_next/static/chunks/03~t_next_dist_05ll0or._.js:2431
[  286359ms] [ERROR] In HTML, %s cannot be a descendant of <%s>.
This will cause a hydration error.%s <button> button 

  ...
    <ClientPageRoot Component={function SurveyPage} serverProvidedParams={{...}}>
      <SurveyPage params={Promise} searchParams={Promise}>
        <SurveyContent>
          <PhoneFrame>
            <div>
            <div className="hidden lg:...">
              <div className="flex w-[38...">
                <DevLog>
                  <TooltipProvider delay={200}>
                    <TooltipProvider data-slot="tooltip-pr..." delay={200}>
                      <FloatingDelayGroup delay={{open:200, ...}} timeoutMs={400}>
                        <div className="flex flex-...">
                          <div>
                          <div className="flex flex-...">
                            <LogSection entry={{version:"0...", ...}} defaultOpen={true}>
>                             <button
>                               type="button"
>                               onClick={function LogSection[<button>.onClick]}
>                               className="flex flex-col gap-2 rounded-xl border border-emerald-500/20 bg-emerald-500/..."
>                             >
                                <div>
                                <p>
                                ...
                                  <TooltipTrigger className="inline-fle...">
                                    <TooltipTrigger data-slot="tooltip-tr..." className="inline-fle...">
>                                     <button
>                                       type="button"
>                                       onPointerDown={function}
>                                       onPointerEnter={function setPointerRef}
>                                       onMouseMove={function onMouseMove}
>                                       onMouseLeave={function onMouseLeave}
>                                       onFocus={function onFocus}
>                                       onBlur={function onBlur}
>                                       id="base-ui-_r_f_"
>                                       data-trigger-disabled={undefined}
>                                       data-slot="tooltip-trigger"
>                                       ref={function}
>                                       className="inline-flex items-center gap-1.5 rounded-md bg-zinc-800/80 px-2.5 p..."
>                                     >
                                  ...
                            ...
                          ...
              ...
 @ http://localhost:3000/_next/static/chunks/03~t_next_dist_05ll0or._.js:3272
[  286360ms] [ERROR] <%s> cannot contain a nested %s.
See this log for the ancestor stack trace. button <button> @ http://localhost:3000/_next/static/chunks/03~t_next_dist_05ll0or._.js:3272
