[  119837ms] TypeError: Failed to construct 'Image': Please use the 'new' operator, this DOM object constructor cannot be called as a function.
    at Object.react_stack_bottom_frame (http://localhost:3000/_next/static/chunks/03~t_next_dist_compiled_react-dom_11.zjj0._.js:15037:24)
    at renderWithHooks (http://localhost:3000/_next/static/chunks/03~t_next_dist_compiled_react-dom_11.zjj0._.js:4620:24)
    at updateFunctionComponent (http://localhost:3000/_next/static/chunks/03~t_next_dist_compiled_react-dom_11.zjj0._.js:6081:21)
    at beginWork (http://localhost:3000/_next/static/chunks/03~t_next_dist_compiled_react-dom_11.zjj0._.js:6691:24)
    at runWithFiberInDEV (http://localhost:3000/_next/static/chunks/03~t_next_dist_compiled_react-dom_11.zjj0._.js:965:74)
    at performUnitOfWork (http://localhost:3000/_next/static/chunks/03~t_next_dist_compiled_react-dom_11.zjj0._.js:9555:97)
    at workLoopSync (http://localhost:3000/_next/static/chunks/03~t_next_dist_compiled_react-dom_11.zjj0._.js:9449:40)
    at renderRootSync (http://localhost:3000/_next/static/chunks/03~t_next_dist_compiled_react-dom_11.zjj0._.js:9433:13)
    at performWorkOnRoot (http://localhost:3000/_next/static/chunks/03~t_next_dist_compiled_react-dom_11.zjj0._.js:9098:47)
    at performSyncWorkOnRoot (http://localhost:3000/_next/static/chunks/03~t_next_dist_compiled_react-dom_11.zjj0._.js:10263:9)
    at flushSyncWorkAcrossRoots_impl (http://localhost:3000/_next/static/chunks/03~t_next_dist_compiled_react-dom_11.zjj0._.js:10179:316)
    at flushSyncWork$1 (http://localhost:3000/_next/static/chunks/03~t_next_dist_compiled_react-dom_11.zjj0._.js:9230:86)
    at Object.scheduleRefresh (http://localhost:3000/_next/static/chunks/03~t_next_dist_compiled_react-dom_11.zjj0._.js:299:13)
    at http://localhost:3000/_next/static/chunks/03~t_next_dist_compiled_0y_5u3h._.js:391:33
    at Set.forEach (<anonymous>)
    at Object.performReactRefresh (http://localhost:3000/_next/static/chunks/03~t_next_dist_compiled_0y_5u3h._.js:384:38)
    at applyUpdate (http://localhost:3000/_next/static/chunks/03~t_next_dist_compiled_0y_5u3h._.js:878:31)
    at http://localhost:3000/_next/static/chunks/03~t_next_dist_compiled_0y_5u3h._.js:886:13
[  154812ms] [WARNING] [Fast Refresh] performing full reload because your application had an unrecoverable error @ http://localhost:3000/_next/static/chunks/03~t_next_dist_05ll0or._.js:2431
