[   88093ms] [ERROR] WebSocket connection to 'ws://localhost:3000/_next/webpack-hmr?id=BjQyJuYNq03SqNzpWIYh-' failed: Error in connection establishment: net::ERR_CONNECTION_REFUSED @ http://localhost:3000/_next/static/chunks/03~t_next_dist_client_0ysf~hx._.js:13299
[   89098ms] [ERROR] WebSocket connection to 'ws://localhost:3000/_next/webpack-hmr?id=BjQyJuYNq03SqNzpWIYh-' failed: Error in connection establishment: net::ERR_CONNECTION_REFUSED @ http://localhost:3000/_next/static/chunks/03~t_next_dist_client_0ysf~hx._.js:13299
[   90101ms] [ERROR] WebSocket connection to 'ws://localhost:3000/_next/webpack-hmr?id=BjQyJuYNq03SqNzpWIYh-' failed: Error in connection establishment: net::ERR_CONNECTION_REFUSED @ http://localhost:3000/_next/static/chunks/03~t_next_dist_client_0ysf~hx._.js:13299
[   91105ms] [ERROR] WebSocket connection to 'ws://localhost:3000/_next/webpack-hmr?id=BjQyJuYNq03SqNzpWIYh-' failed: Error in connection establishment: net::ERR_CONNECTION_REFUSED @ http://localhost:3000/_next/static/chunks/03~t_next_dist_client_0ysf~hx._.js:13299
[   92109ms] [ERROR] WebSocket connection to 'ws://localhost:3000/_next/webpack-hmr?id=BjQyJuYNq03SqNzpWIYh-' failed: Error in connection establishment: net::ERR_CONNECTION_REFUSED @ http://localhost:3000/_next/static/chunks/03~t_next_dist_client_0ysf~hx._.js:13299
[   97114ms] [ERROR] WebSocket connection to 'ws://localhost:3000/_next/webpack-hmr?id=BjQyJuYNq03SqNzpWIYh-' failed: Error in connection establishment: net::ERR_CONNECTION_REFUSED @ http://localhost:3000/_next/static/chunks/03~t_next_dist_client_0ysf~hx._.js:13299
[  102118ms] [ERROR] WebSocket connection to 'ws://localhost:3000/_next/webpack-hmr?id=BjQyJuYNq03SqNzpWIYh-' failed: Error in connection establishment: net::ERR_CONNECTION_REFUSED @ http://localhost:3000/_next/static/chunks/03~t_next_dist_client_0ysf~hx._.js:13299
[  107122ms] [ERROR] WebSocket connection to 'ws://localhost:3000/_next/webpack-hmr?id=BjQyJuYNq03SqNzpWIYh-' failed: Error in connection establishment: net::ERR_CONNECTION_REFUSED @ http://localhost:3000/_next/static/chunks/03~t_next_dist_client_0ysf~hx._.js:13299
[  112126ms] [ERROR] WebSocket connection to 'ws://localhost:3000/_next/webpack-hmr?id=BjQyJuYNq03SqNzpWIYh-' failed: Error in connection establishment: net::ERR_CONNECTION_REFUSED @ http://localhost:3000/_next/static/chunks/03~t_next_dist_client_0ysf~hx._.js:13299
[  117131ms] [ERROR] WebSocket connection to 'ws://localhost:3000/_next/webpack-hmr?id=BjQyJuYNq03SqNzpWIYh-' failed: Error in connection establishment: net::ERR_CONNECTION_REFUSED @ http://localhost:3000/_next/static/chunks/03~t_next_dist_client_0ysf~hx._.js:13299
[  122135ms] [ERROR] WebSocket connection to 'ws://localhost:3000/_next/webpack-hmr?id=BjQyJuYNq03SqNzpWIYh-' failed: Error in connection establishment: net::ERR_CONNECTION_REFUSED @ http://localhost:3000/_next/static/chunks/03~t_next_dist_client_0ysf~hx._.js:13299
[  127140ms] [ERROR] WebSocket connection to 'ws://localhost:3000/_next/webpack-hmr?id=BjQyJuYNq03SqNzpWIYh-' failed: Error in connection establishment: net::ERR_CONNECTION_REFUSED @ http://localhost:3000/_next/static/chunks/03~t_next_dist_client_0ysf~hx._.js:13299
[27620348ms] Error: Hydration failed because the server rendered HTML didn't match the client. As a result this tree will be regenerated on the client. This can happen if a SSR-ed Client Component used:

- A server/client branch `if (typeof window !== 'undefined')`.
- Variable input such as `Date.now()` or `Math.random()` which changes each time it's called.
- Date formatting in a user's locale which doesn't match the server.
- External changing data without sending a snapshot of it along with the HTML.
- Invalid HTML tag nesting.

It can also happen if the client has a browser extension installed which messes with the HTML before React loaded.

https://react.dev/link/hydration-mismatch

  ...
    <RedirectErrorBoundary router={{...}}>
      <InnerLayoutRouter url="/survey?st..." tree={[...]} params={{}} cacheNode={{rsc:{...}, ...}} segmentPath={[...]} ...>
        <SegmentViewNode type="page" pagePath="survey/pag...">
          <SegmentTrieNode>
          <ClientPageRoot Component={function SurveyPage} serverProvidedParams={{...}}>
            <SurveyPage params={Promise} searchParams={Promise}>
              <Suspense>
                <SurveyContent>
                  <div className="flex flex-...">
                    <header className="sticky top...">
                      <div className="mx-auto fl...">
                        <div className="flex items...">
                          <h1>
                          <VolumeBar job={{...}}>
+                           <div className="flex items-center gap-2">
                        ...
                    ...
        ...
      ...

    at throwOnHydrationMismatch (http://localhost:3000/_next/static/chunks/03~t_next_dist_compiled_react-dom_11.zjj0._.js:3318:56)
    at beginWork (http://localhost:3000/_next/static/chunks/03~t_next_dist_compiled_react-dom_11.zjj0._.js:6758:918)
    at runWithFiberInDEV (http://localhost:3000/_next/static/chunks/03~t_next_dist_compiled_react-dom_11.zjj0._.js:965:74)
    at performUnitOfWork (http://localhost:3000/_next/static/chunks/03~t_next_dist_compiled_react-dom_11.zjj0._.js:9555:97)
    at workLoopConcurrentByScheduler (http://localhost:3000/_next/static/chunks/03~t_next_dist_compiled_react-dom_11.zjj0._.js:9551:58)
    at renderRootConcurrent (http://localhost:3000/_next/static/chunks/03~t_next_dist_compiled_react-dom_11.zjj0._.js:9534:71)
    at performWorkOnRoot (http://localhost:3000/_next/static/chunks/03~t_next_dist_compiled_react-dom_11.zjj0._.js:9061:150)
    at performWorkOnRootViaSchedulerTask (http://localhost:3000/_next/static/chunks/03~t_next_dist_compiled_react-dom_11.zjj0._.js:10255:9)
    at MessagePort.performWorkUntilDeadline (http://localhost:3000/_next/static/chunks/03~t_next_dist_compiled_0y_5u3h._.js:2647:64)
[27784127ms] [ERROR] ./projects/darvis/src/app/survey/page.tsx:3:23
`ssr: false` is not allowed with `next/dynamic` in Server Components. Please move it into a Client Component.
  1 | import dynamic from "next/dynamic"
  2 |
> 3 | const SurveyContent = dynamic(() => import("@/components/survey/survey-content"), {
    |                       ^^^^^^^^^^^^^^^^^^^^^^^^^^^^^^^^^^^^^^^^^^^^^^^^^^^^^^^^^^^^
> 4 |   ssr: false,
    | ^^^^^^^^^^^^^
> 5 | })
    | ^^
  6 |
  7 | export default function SurveyPage() {
  8 |   return <SurveyContent />

Ecmascript file had an error @ http://localhost:3000/_next/static/chunks/03~t_next_dist_05ll0or._.js:3272
[27784127ms] [ERROR] ./projects/darvis/src/app/survey/page.tsx:3:37
Module not found: Can't resolve '@/components/survey/survey-content'
  1 | import dynamic from "next/dynamic"
  2 |
> 3 | const SurveyContent = dynamic(() => import("@/components/survey/survey-content"), {
    |                                     ^^^^^^^^^^^^^^^^^^^^^^^^^^^^^^^^^^^^^^^^^^^^
  4 |   ssr: false,
  5 | })
  6 |

Import map: aliased to relative './src/components/survey/survey-content' inside of [project]/projects/darvis

https://nextjs.org/docs/messages/module-not-found @ http://localhost:3000/_next/static/chunks/03~t_next_dist_05ll0or._.js:3272
[27784127ms] [ERROR] Failed to load resource: the server responded with a status of 500 (Internal Server Error) @ http://localhost:3000/survey?step=2&_rsc=fx4wv:0
[27784136ms] [ERROR] Failed to load resource: the server responded with a status of 500 (Internal Server Error) @ http://localhost:3000/survey?step=2&_rsc=fx4wv:0
[27784144ms] [ERROR] Failed to load resource: the server responded with a status of 500 (Internal Server Error) @ http://localhost:3000/survey?step=2&_rsc=fx4wv:0
[27784158ms] [ERROR] Failed to load resource: the server responded with a status of 500 (Internal Server Error) @ http://localhost:3000/survey?step=2&_rsc=fx4wv:0
[27784173ms] [ERROR] Failed to load resource: the server responded with a status of 500 (Internal Server Error) @ http://localhost:3000/survey?step=2&_rsc=fx4wv:0
[27784187ms] [ERROR] Failed to load resource: the server responded with a status of 500 (Internal Server Error) @ http://localhost:3000/survey?step=2&_rsc=fx4wv:0
[27784188ms] [ERROR] Failed to load resource: the server responded with a status of 500 (Internal Server Error) @ http://localhost:3000/survey?step=2:0
[27784281ms] Error: ./projects/darvis/src/app/survey/page.tsx:3:23
`ssr: false` is not allowed with `next/dynamic` in Server Components. Please move it into a Client Component.
  1 | import dynamic from "next/dynamic"
  2 |
> 3 | const SurveyContent = dynamic(() => import("@/components/survey/survey-content"), {
    |                       ^^^^^^^^^^^^^^^^^^^^^^^^^^^^^^^^^^^^^^^^^^^^^^^^^^^^^^^^^^^^
> 4 |   ssr: false,
    | ^^^^^^^^^^^^^
> 5 | })
    | ^^
  6 |
  7 | export default function SurveyPage() {
  8 |   return <SurveyContent />

Ecmascript file had an error


    at <unknown> (Error: ./projects/darvis/src/app/survey/page.tsx:3:23)
    at Object.getCompilationErrors (file:///Users/marinak/ai-studio/projects/darvis/node_modules/next/dist/server/dev/hot-reloader-turbopack.js:1189:59)
    at DevBundlerService.getCompilationError (file:///Users/marinak/ai-studio/projects/darvis/node_modules/next/dist/server/lib/dev-bundler-service.js:44:55)
    at DevServer.getCompilationError (file:///Users/marinak/ai-studio/projects/darvis/node_modules/next/dist/server/dev/next-dev-server.js:719:42)
    at DevServer.findPageComponents (file:///Users/marinak/ai-studio/projects/darvis/node_modules/next/dist/server/dev/next-dev-server.js:689:43)
    at async DevServer.renderErrorToResponseImpl (file:///Users/marinak/ai-studio/projects/darvis/node_modules/next/dist/server/base-server.js:1745:26)
[27784305ms] [ERROR] ./projects/darvis/src/app/survey/page.tsx:3:23
`ssr: false` is not allowed with `next/dynamic` in Server Components. Please move it into a Client Component.
  1 | import dynamic from "next/dynamic"
  2 |
> 3 | const SurveyContent = dynamic(() => import("@/components/survey/survey-content"), {
    |                       ^^^^^^^^^^^^^^^^^^^^^^^^^^^^^^^^^^^^^^^^^^^^^^^^^^^^^^^^^^^^
> 4 |   ssr: false,
    | ^^^^^^^^^^^^^
> 5 | })
    | ^^
  6 |
  7 | export default function SurveyPage() {
  8 |   return <SurveyContent />

Ecmascript file had an error @ http://localhost:3000/_next/static/chunks/03~t_next_dist_066ktth._.js:1945
[27784305ms] [ERROR] ./projects/darvis/src/app/survey/page.tsx:3:37
Module not found: Can't resolve '@/components/survey/survey-content'
  1 | import dynamic from "next/dynamic"
  2 |
> 3 | const SurveyContent = dynamic(() => import("@/components/survey/survey-content"), {
    |                                     ^^^^^^^^^^^^^^^^^^^^^^^^^^^^^^^^^^^^^^^^^^^^
  4 |   ssr: false,
  5 | })
  6 |

Import map: aliased to relative './src/components/survey/survey-content' inside of [project]/projects/darvis

https://nextjs.org/docs/messages/module-not-found @ http://localhost:3000/_next/static/chunks/03~t_next_dist_066ktth._.js:1945
[27784356ms] [ERROR] ./projects/darvis/src/app/survey/page.tsx:3:23
`ssr: false` is not allowed with `next/dynamic` in Server Components. Please move it into a Client Component.
  1 | import dynamic from "next/dynamic"
  2 |
> 3 | const SurveyContent = dynamic(() => import("@/components/survey/survey-content"), {
    |                       ^^^^^^^^^^^^^^^^^^^^^^^^^^^^^^^^^^^^^^^^^^^^^^^^^^^^^^^^^^^^
> 4 |   ssr: false,
    | ^^^^^^^^^^^^^
> 5 | })
    | ^^
  6 |
  7 | export default function SurveyPage() {
  8 |   return <SurveyContent />

Ecmascript file had an error @ http://localhost:3000/_next/static/chunks/03~t_next_dist_066ktth._.js:1945
[27784357ms] [ERROR] ./projects/darvis/src/app/survey/page.tsx:3:37
Module not found: Can't resolve '@/components/survey/survey-content'
  1 | import dynamic from "next/dynamic"
  2 |
> 3 | const SurveyContent = dynamic(() => import("@/components/survey/survey-content"), {
    |                                     ^^^^^^^^^^^^^^^^^^^^^^^^^^^^^^^^^^^^^^^^^^^^
  4 |   ssr: false,
  5 | })
  6 |

Import map: aliased to relative './src/components/survey/survey-content' inside of [project]/projects/darvis

https://nextjs.org/docs/messages/module-not-found @ http://localhost:3000/_next/static/chunks/03~t_next_dist_066ktth._.js:1945
[27791577ms] [ERROR] ./projects/darvis/src/app/survey/page.tsx:3:23
`ssr: false` is not allowed with `next/dynamic` in Server Components. Please move it into a Client Component.
  1 | import dynamic from "next/dynamic"
  2 |
> 3 | const SurveyContent = dynamic(() => import("@/components/survey/survey-content"), {
    |                       ^^^^^^^^^^^^^^^^^^^^^^^^^^^^^^^^^^^^^^^^^^^^^^^^^^^^^^^^^^^^
> 4 |   ssr: false,
    | ^^^^^^^^^^^^^
> 5 | })
    | ^^
  6 |
  7 | export default function SurveyPage() {
  8 |   return <SurveyContent />

Ecmascript file had an error @ http://localhost:3000/_next/static/chunks/03~t_next_dist_066ktth._.js:1945
[27791640ms] [ERROR] Failed to load resource: the server responded with a status of 500 (Internal Server Error) @ http://localhost:3000/survey?step=2:0
[27791661ms] Error: ./projects/darvis/src/app/survey/page.tsx:3:23
`ssr: false` is not allowed with `next/dynamic` in Server Components. Please move it into a Client Component.
  1 | import dynamic from "next/dynamic"
  2 |
> 3 | const SurveyContent = dynamic(() => import("@/components/survey/survey-content"), {
    |                       ^^^^^^^^^^^^^^^^^^^^^^^^^^^^^^^^^^^^^^^^^^^^^^^^^^^^^^^^^^^^
> 4 |   ssr: false,
    | ^^^^^^^^^^^^^
> 5 | })
    | ^^
  6 |
  7 | export default function SurveyPage() {
  8 |   return <SurveyContent />

Ecmascript file had an error


    at <unknown> (Error: ./projects/darvis/src/app/survey/page.tsx:3:23)
    at Object.getCompilationErrors (file:///Users/marinak/ai-studio/projects/darvis/node_modules/next/dist/server/dev/hot-reloader-turbopack.js:1189:59)
    at DevBundlerService.getCompilationError (file:///Users/marinak/ai-studio/projects/darvis/node_modules/next/dist/server/lib/dev-bundler-service.js:44:55)
    at DevServer.getCompilationError (file:///Users/marinak/ai-studio/projects/darvis/node_modules/next/dist/server/dev/next-dev-server.js:719:42)
    at DevServer.findPageComponents (file:///Users/marinak/ai-studio/projects/darvis/node_modules/next/dist/server/dev/next-dev-server.js:689:43)
    at async DevServer.renderErrorToResponseImpl (file:///Users/marinak/ai-studio/projects/darvis/node_modules/next/dist/server/base-server.js:1745:26)
[27791659ms] [ERROR] ./projects/darvis/src/app/survey/page.tsx:3:23
`ssr: false` is not allowed with `next/dynamic` in Server Components. Please move it into a Client Component.
  1 | import dynamic from "next/dynamic"
  2 |
> 3 | const SurveyContent = dynamic(() => import("@/components/survey/survey-content"), {
    |                       ^^^^^^^^^^^^^^^^^^^^^^^^^^^^^^^^^^^^^^^^^^^^^^^^^^^^^^^^^^^^
> 4 |   ssr: false,
    | ^^^^^^^^^^^^^
> 5 | })
    | ^^
  6 |
  7 | export default function SurveyPage() {
  8 |   return <SurveyContent />

Ecmascript file had an error @ http://localhost:3000/_next/static/chunks/03~t_next_dist_066ktth._.js:1945
[27791692ms] [ERROR] ./projects/darvis/src/app/survey/page.tsx:3:23
`ssr: false` is not allowed with `next/dynamic` in Server Components. Please move it into a Client Component.
  1 | import dynamic from "next/dynamic"
  2 |
> 3 | const SurveyContent = dynamic(() => import("@/components/survey/survey-content"), {
    |                       ^^^^^^^^^^^^^^^^^^^^^^^^^^^^^^^^^^^^^^^^^^^^^^^^^^^^^^^^^^^^
> 4 |   ssr: false,
    | ^^^^^^^^^^^^^
> 5 | })
    | ^^
  6 |
  7 | export default function SurveyPage() {
  8 |   return <SurveyContent />

Ecmascript file had an error @ http://localhost:3000/_next/static/chunks/03~t_next_dist_066ktth._.js:1945
[27986366ms] [ERROR] ./projects/darvis/src/app/survey/page.tsx:3:23
`ssr: false` is not allowed with `next/dynamic` in Server Components. Please move it into a Client Component.
  1 | import dynamic from "next/dynamic"
  2 |
> 3 | const SurveyContent = dynamic(() => import("@/components/survey/survey-content"), {
    |                       ^^^^^^^^^^^^^^^^^^^^^^^^^^^^^^^^^^^^^^^^^^^^^^^^^^^^^^^^^^^^
> 4 |   ssr: false,
    | ^^^^^^^^^^^^^
> 5 | })
    | ^^
  6 |
  7 | export default function SurveyPage() {
  8 |   return <SurveyContent />

Ecmascript file had an error @ http://localhost:3000/_next/static/chunks/03~t_next_dist_066ktth._.js:1945
[27999680ms] [ERROR] ./projects/darvis/src/app/survey/page.tsx:3:23
`ssr: false` is not allowed with `next/dynamic` in Server Components. Please move it into a Client Component.
  1 | import dynamic from "next/dynamic"
  2 |
> 3 | const SurveyContent = dynamic(() => import("@/components/survey/survey-content"), {
    |                       ^^^^^^^^^^^^^^^^^^^^^^^^^^^^^^^^^^^^^^^^^^^^^^^^^^^^^^^^^^^^
> 4 |   ssr: false,
    | ^^^^^^^^^^^^^
> 5 | })
    | ^^
  6 |
  7 | export default function SurveyPage() {
  8 |   return <SurveyContent />

Ecmascript file had an error @ http://localhost:3000/_next/static/chunks/03~t_next_dist_066ktth._.js:1945
[28010635ms] [ERROR] ./projects/darvis/src/app/survey/page.tsx:3:23
`ssr: false` is not allowed with `next/dynamic` in Server Components. Please move it into a Client Component.
  1 | import dynamic from "next/dynamic"
  2 |
> 3 | const SurveyContent = dynamic(() => import("@/components/survey/survey-content"), {
    |                       ^^^^^^^^^^^^^^^^^^^^^^^^^^^^^^^^^^^^^^^^^^^^^^^^^^^^^^^^^^^^
> 4 |   ssr: false,
    | ^^^^^^^^^^^^^
> 5 | })
    | ^^
  6 |
  7 | export default function SurveyPage() {
  8 |   return <SurveyContent />

Ecmascript file had an error @ http://localhost:3000/_next/static/chunks/03~t_next_dist_066ktth._.js:1945
[28010674ms] [ERROR] Failed to load resource: the server responded with a status of 500 (Internal Server Error) @ http://localhost:3000/survey?step=2:0
[28010747ms] Error: ./projects/darvis/src/app/survey/page.tsx:3:23
`ssr: false` is not allowed with `next/dynamic` in Server Components. Please move it into a Client Component.
  1 | import dynamic from "next/dynamic"
  2 |
> 3 | const SurveyContent = dynamic(() => import("@/components/survey/survey-content"), {
    |                       ^^^^^^^^^^^^^^^^^^^^^^^^^^^^^^^^^^^^^^^^^^^^^^^^^^^^^^^^^^^^
> 4 |   ssr: false,
    | ^^^^^^^^^^^^^
> 5 | })
    | ^^
  6 |
  7 | export default function SurveyPage() {
  8 |   return <SurveyContent />

Ecmascript file had an error


    at <unknown> (Error: ./projects/darvis/src/app/survey/page.tsx:3:23)
    at Object.getCompilationErrors (file:///Users/marinak/ai-studio/projects/darvis/node_modules/next/dist/server/dev/hot-reloader-turbopack.js:1189:59)
    at DevBundlerService.getCompilationError (file:///Users/marinak/ai-studio/projects/darvis/node_modules/next/dist/server/lib/dev-bundler-service.js:44:55)
    at DevServer.getCompilationError (file:///Users/marinak/ai-studio/projects/darvis/node_modules/next/dist/server/dev/next-dev-server.js:719:42)
    at DevServer.findPageComponents (file:///Users/marinak/ai-studio/projects/darvis/node_modules/next/dist/server/dev/next-dev-server.js:689:43)
    at async DevServer.renderErrorToResponseImpl (file:///Users/marinak/ai-studio/projects/darvis/node_modules/next/dist/server/base-server.js:1745:26)
[28010749ms] [ERROR] ./projects/darvis/src/app/survey/page.tsx:3:23
`ssr: false` is not allowed with `next/dynamic` in Server Components. Please move it into a Client Component.
  1 | import dynamic from "next/dynamic"
  2 |
> 3 | const SurveyContent = dynamic(() => import("@/components/survey/survey-content"), {
    |                       ^^^^^^^^^^^^^^^^^^^^^^^^^^^^^^^^^^^^^^^^^^^^^^^^^^^^^^^^^^^^
> 4 |   ssr: false,
    | ^^^^^^^^^^^^^
> 5 | })
    | ^^
  6 |
  7 | export default function SurveyPage() {
  8 |   return <SurveyContent />

Ecmascript file had an error @ http://localhost:3000/_next/static/chunks/03~t_next_dist_066ktth._.js:1945
[28010782ms] [ERROR] ./projects/darvis/src/app/survey/page.tsx:3:23
`ssr: false` is not allowed with `next/dynamic` in Server Components. Please move it into a Client Component.
  1 | import dynamic from "next/dynamic"
  2 |
> 3 | const SurveyContent = dynamic(() => import("@/components/survey/survey-content"), {
    |                       ^^^^^^^^^^^^^^^^^^^^^^^^^^^^^^^^^^^^^^^^^^^^^^^^^^^^^^^^^^^^
> 4 |   ssr: false,
    | ^^^^^^^^^^^^^
> 5 | })
    | ^^
  6 |
  7 | export default function SurveyPage() {
  8 |   return <SurveyContent />

Ecmascript file had an error @ http://localhost:3000/_next/static/chunks/03~t_next_dist_066ktth._.js:1945
