[     186ms] Error: Hydration failed because the server rendered HTML didn't match the client. As a result this tree will be regenerated on the client. This can happen if a SSR-ed Client Component used:

- A server/client branch `if (typeof window !== 'undefined')`.
- Variable input such as `Date.now()` or `Math.random()` which changes each time it's called.
- Date formatting in a user's locale which doesn't match the server.
- External changing data without sending a snapshot of it along with the HTML.
- Invalid HTML tag nesting.

It can also happen if the client has a browser extension installed which messes with the HTML before React loaded.

https://react.dev/link/hydration-mismatch

  ...
    <RenderFromTemplateContext>
      <ScrollAndMaybeFocusHandler cacheNode={{rsc:{...}, ...}}>
        <InnerScrollAndFocusHandlerOld focusAndScrollRef={{scrollRef:null, ...}} cacheNode={{rsc:{...}, ...}}>
          <ErrorBoundary errorComponent={undefined} errorStyles={undefined} errorScripts={undefined}>
            <LoadingBoundary name="feedback/" loading={null}>
              <HTTPAccessFallbackBoundary notFound={undefined} forbidden={undefined} unauthorized={undefined}>
                <RedirectBoundary>
                  <RedirectErrorBoundary router={{...}}>
                    <InnerLayoutRouter url="/admin/fee..." tree={[...]} params={{}} cacheNode={{rsc:{...}, ...}} ...>
                      <SegmentViewNode type="page" pagePath="admin/feed...">
                        <SegmentTrieNode>
                        <ClientPageRoot Component={function AdminFeedbackPage} serverProvidedParams={{...}}>
                          <AdminFeedbackPage params={Promise} searchParams={Promise}>
                            <div
+                             className="min-h-screen bg-zinc-950 text-zinc-200"
-                             className="min-h-screen bg-zinc-950 text-zinc-200 flex items-center justify-center"
                            >
                              <div
+                               className="mx-auto max-w-3xl px-6 py-8"
-                               className="flex flex-col items-center gap-6 w-full max-w-sm px-6"
                              >
+                               <div className="flex items-center justify-between pb-6">
-                               <svg
-                                 xmlns="http://www.w3.org/2000/svg"
-                                 width="24"
-                                 height="24"
-                                 viewBox="0 0 24 24"
-                                 fill="none"
-                                 stroke="currentColor"
-                                 stroke-width="2"
-                                 stroke-linecap="round"
-                                 stroke-linejoin="round"
-                                 className="lucide lucide-lock size-8 text-zinc-600"
-                                 aria-hidden="true"
-                               >
                                ...
                      ...
                    ...
          ...

    at throwOnHydrationMismatch (http://localhost:3000/_next/static/chunks/03~t_next_dist_compiled_react-dom_11.zjj0._.js:3318:56)
    at beginWork (http://localhost:3000/_next/static/chunks/03~t_next_dist_compiled_react-dom_11.zjj0._.js:6758:918)
    at runWithFiberInDEV (http://localhost:3000/_next/static/chunks/03~t_next_dist_compiled_react-dom_11.zjj0._.js:965:74)
    at performUnitOfWork (http://localhost:3000/_next/static/chunks/03~t_next_dist_compiled_react-dom_11.zjj0._.js:9555:97)
    at workLoopConcurrentByScheduler (http://localhost:3000/_next/static/chunks/03~t_next_dist_compiled_react-dom_11.zjj0._.js:9551:58)
    at renderRootConcurrent (http://localhost:3000/_next/static/chunks/03~t_next_dist_compiled_react-dom_11.zjj0._.js:9534:71)
    at performWorkOnRoot (http://localhost:3000/_next/static/chunks/03~t_next_dist_compiled_react-dom_11.zjj0._.js:9061:150)
    at performWorkOnRootViaSchedulerTask (http://localhost:3000/_next/static/chunks/03~t_next_dist_compiled_react-dom_11.zjj0._.js:10255:9)
    at MessagePort.performWorkUntilDeadline (http://localhost:3000/_next/static/chunks/03~t_next_dist_compiled_0y_5u3h._.js:2647:64)
[    2132ms] [ERROR] Can't perform a React state update on a component that hasn't mounted yet. This indicates that you have a side-effect in your render function that asynchronously tries to update the component. Move this work to useEffect instead. @ http://localhost:3000/_next/static/chunks/03~t_next_dist_05ll0or._.js:3272
